file:///C:/DropShip/DS1/src/lib/shopify.js:13
import { shopifyApi, LATEST_API_VERSION } from '@shopify/shopify-api';
                     ^^^^^^^^^^^^^^^^^^
SyntaxError: The requested module '@shopify/shopify-api' does not provide an export named 'LATEST_API_VERSION'
    at ModuleJob._instantiate (node:internal/modules/esm/module_job:131:21)
    at async ModuleJob.run (node:internal/modules/esm/module_job:213:5)
    at async ModuleLoader.import (node:internal/modules/esm/loader:316:24)
    at async loadESM (node:internal/process/esm_loader:34:7)
    at async handleMainPromise (node:internal/modules/run_main:66:12)

Node.js v20.9.0
SHOPIFY_SHOP_NAME or SHOPIFY_ACCESS_TOKEN not set. Shopify integration will fail.
SHOPIFY_SHOP_NAME or SHOPIFY_ACCESS_TOKEN not set. Shopify integration will fail.
SHOPIFY_SHOP_NAME or SHOPIFY_ACCESS_TOKEN not set. Shopify integration will fail.
SHOPIFY_SHOP_NAME or SHOPIFY_ACCESS_TOKEN not set. Shopify integration will fail.
SHOPIFY_SHOP_NAME or SHOPIFY_ACCESS_TOKEN not set. Shopify integration will fail.
SHOPIFY_SHOP_NAME or SHOPIFY_ACCESS_TOKEN not set. Shopify integration will fail.
SHOPIFY_SHOP_NAME or SHOPIFY_ACCESS_TOKEN not set. Shopify integration will fail.
SHOPIFY_SHOP_NAME or SHOPIFY_ACCESS_TOKEN not set. Shopify integration will fail.
SHOPIFY_SHOP_NAME or SHOPIFY_ACCESS_TOKEN not set. Shopify integration will fail.
SHOPIFY_SHOP_NAME or SHOPIFY_ACCESS_TOKEN not set. Shopify integration will fail.
SHOPIFY_SHOP_NAME or SHOPIFY_ACCESS_TOKEN not set. Shopify integration will fail.
SHOPIFY_SHOP_NAME or SHOPIFY_ACCESS_TOKEN not set. Shopify integration will fail.
SHOPIFY_SHOP_NAME or SHOPIFY_ACCESS_TOKEN not set. Shopify integration will fail.
SHOPIFY_SHOP_NAME or SHOPIFY_ACCESS_TOKEN not set. Shopify integration will fail.
SHOPIFY_SHOP_NAME or SHOPIFY_ACCESS_TOKEN not set. Shopify integration will fail.
^Cnode:internal/modules/cjs/loader:1051
  throw err;
  ^

Error: Cannot find module 'C:\DropShip\DS1\src\index.js'
    at Module._resolveFilename (node:internal/modules/cjs/loader:1048:15)
    at Module._load (node:internal/modules/cjs/loader:901:27)
    at Function.executeUserEntryPoint [as runMain] (node:internal/modules/run_main:83:12)
    at node:internal/main/run_main_module:23:47 {
  code: 'MODULE_NOT_FOUND',
  requireStack: []
}

Node.js v20.9.0
node:internal/modules/cjs/loader:1051
  throw err;
  ^

Error: Cannot find module 'C:\DropShip\DS1\src\index.js'
    at Module._resolveFilename (node:internal/modules/cjs/loader:1048:15)
    at Module._load (node:internal/modules/cjs/loader:901:27)
    at Function.executeUserEntryPoint [as runMain] (node:internal/modules/run_main:83:12)
    at node:internal/main/run_main_module:23:47 {
  code: 'MODULE_NOT_FOUND',
  requireStack: []
}

Node.js v20.9.0
node:internal/modules/cjs/loader:1051
  throw err;
  ^

Error: Cannot find module 'C:\DropShip\DS1\src\index.js'
    at Module._resolveFilename (node:internal/modules/cjs/loader:1048:15)
    at Module._load (node:internal/modules/cjs/loader:901:27)
    at Function.executeUserEntryPoint [as runMain] (node:internal/modules/run_main:83:12)
    at node:internal/main/run_main_module:23:47 {
  code: 'MODULE_NOT_FOUND',
  requireStack: []
}

Node.js v20.9.0
node:internal/modules/cjs/loader:1051
  throw err;
  ^

Error: Cannot find module 'C:\DropShip\DS1\src\index.js'
    at Module._resolveFilename (node:internal/modules/cjs/loader:1048:15)
    at Module._load (node:internal/modules/cjs/loader:901:27)
    at Function.executeUserEntryPoint [as runMain] (node:internal/modules/run_main:83:12)
    at node:internal/main/run_main_module:23:47 {
  code: 'MODULE_NOT_FOUND',
  requireStack: []
}

Node.js v20.9.0
node:internal/modules/cjs/loader:1051
  throw err;
  ^

Error: Cannot find module 'C:\DropShip\DS1\src\index.js'
    at Module._resolveFilename (node:internal/modules/cjs/loader:1048:15)
    at Module._load (node:internal/modules/cjs/loader:901:27)
    at Function.executeUserEntryPoint [as runMain] (node:internal/modules/run_main:83:12)
    at node:internal/main/run_main_module:23:47 {
  code: 'MODULE_NOT_FOUND',
  requireStack: []
}

Node.js v20.9.0
node:internal/modules/cjs/loader:1051
  throw err;
  ^

Error: Cannot find module 'C:\DropShip\DS1\src\index.js'
    at Module._resolveFilename (node:internal/modules/cjs/loader:1048:15)
    at Module._load (node:internal/modules/cjs/loader:901:27)
    at Function.executeUserEntryPoint [as runMain] (node:internal/modules/run_main:83:12)
    at node:internal/main/run_main_module:23:47 {
  code: 'MODULE_NOT_FOUND',
  requireStack: []
}

Node.js v20.9.0
node:internal/modules/cjs/loader:1051
  throw err;
  ^

Error: Cannot find module 'C:\DropShip\DS1\src\index.js'
    at Module._resolveFilename (node:internal/modules/cjs/loader:1048:15)
    at Module._load (node:internal/modules/cjs/loader:901:27)
    at Function.executeUserEntryPoint [as runMain] (node:internal/modules/run_main:83:12)
    at node:internal/main/run_main_module:23:47 {
  code: 'MODULE_NOT_FOUND',
  requireStack: []
}

Node.js v20.9.0
node:internal/modules/cjs/loader:1051
  throw err;
  ^

Error: Cannot find module 'C:\DropShip\DS1\src\index.js'
    at Module._resolveFilename (node:internal/modules/cjs/loader:1048:15)
    at Module._load (node:internal/modules/cjs/loader:901:27)
    at Function.executeUserEntryPoint [as runMain] (node:internal/modules/run_main:83:12)
    at node:internal/main/run_main_module:23:47 {
  code: 'MODULE_NOT_FOUND',
  requireStack: []
}

Node.js v20.9.0
node:internal/modules/cjs/loader:1051
  throw err;
  ^

Error: Cannot find module 'C:\DropShip\DS1\src\index.js'
    at Module._resolveFilename (node:internal/modules/cjs/loader:1048:15)
    at Module._load (node:internal/modules/cjs/loader:901:27)
    at Function.executeUserEntryPoint [as runMain] (node:internal/modules/run_main:83:12)
    at node:internal/main/run_main_module:23:47 {
  code: 'MODULE_NOT_FOUND',
  requireStack: []
}

Node.js v20.9.0
node:internal/modules/cjs/loader:1051
  throw err;
  ^

Error: Cannot find module 'C:\DropShip\DS1\src\index.js'
    at Module._resolveFilename (node:internal/modules/cjs/loader:1048:15)
    at Module._load (node:internal/modules/cjs/loader:901:27)
    at Function.executeUserEntryPoint [as runMain] (node:internal/modules/run_main:83:12)
    at node:internal/main/run_main_module:23:47 {
  code: 'MODULE_NOT_FOUND',
  requireStack: []
}

Node.js v20.9.0
node:internal/modules/cjs/loader:1051
  throw err;
  ^

Error: Cannot find module 'C:\DropShip\DS1\src\index.js'
    at Module._resolveFilename (node:internal/modules/cjs/loader:1048:15)
    at Module._load (node:internal/modules/cjs/loader:901:27)
    at Function.executeUserEntryPoint [as runMain] (node:internal/modules/run_main:83:12)
    at node:internal/main/run_main_module:23:47 {
  code: 'MODULE_NOT_FOUND',
  requireStack: []
}

Node.js v20.9.0
node:internal/modules/cjs/loader:1051
  throw err;
  ^

Error: Cannot find module 'C:\DropShip\DS1\src\index.js'
    at Module._resolveFilename (node:internal/modules/cjs/loader:1048:15)
    at Module._load (node:internal/modules/cjs/loader:901:27)
    at Function.executeUserEntryPoint [as runMain] (node:internal/modules/run_main:83:12)
    at node:internal/main/run_main_module:23:47 {
  code: 'MODULE_NOT_FOUND',
  requireStack: []
}

Node.js v20.9.0
node:internal/modules/cjs/loader:1051
  throw err;
  ^

Error: Cannot find module 'C:\DropShip\DS1\src\index.js'
    at Module._resolveFilename (node:internal/modules/cjs/loader:1048:15)
    at Module._load (node:internal/modules/cjs/loader:901:27)
    at Function.executeUserEntryPoint [as runMain] (node:internal/modules/run_main:83:12)
    at node:internal/main/run_main_module:23:47 {
  code: 'MODULE_NOT_FOUND',
  requireStack: []
}

Node.js v20.9.0
node:internal/modules/cjs/loader:1051
  throw err;
  ^

Error: Cannot find module 'C:\DropShip\DS1\src\index.js'
    at Module._resolveFilename (node:internal/modules/cjs/loader:1048:15)
    at Module._load (node:internal/modules/cjs/loader:901:27)
    at Function.executeUserEntryPoint [as runMain] (node:internal/modules/run_main:83:12)
    at node:internal/main/run_main_module:23:47 {
  code: 'MODULE_NOT_FOUND',
  requireStack: []
}

Node.js v20.9.0
node:internal/modules/cjs/loader:1051
  throw err;
  ^

Error: Cannot find module 'C:\DropShip\DS1\src\index.js'
    at Module._resolveFilename (node:internal/modules/cjs/loader:1048:15)
    at Module._load (node:internal/modules/cjs/loader:901:27)
    at Function.executeUserEntryPoint [as runMain] (node:internal/modules/run_main:83:12)
    at node:internal/main/run_main_module:23:47 {
  code: 'MODULE_NOT_FOUND',
  requireStack: []
}

Node.js v20.9.0
node:internal/modules/cjs/loader:1051
  throw err;
  ^

Error: Cannot find module 'C:\DropShip\DS1\src\index.js'
    at Module._resolveFilename (node:internal/modules/cjs/loader:1048:15)
    at Module._load (node:internal/modules/cjs/loader:901:27)
    at Function.executeUserEntryPoint [as runMain] (node:internal/modules/run_main:83:12)
    at node:internal/main/run_main_module:23:47 {
  code: 'MODULE_NOT_FOUND',
  requireStack: []
}

Node.js v20.9.0
node:internal/modules/cjs/loader:1051
  throw err;
  ^

Error: Cannot find module 'C:\DropShip\DS1\src\index.js'
    at Module._resolveFilename (node:internal/modules/cjs/loader:1048:15)
    at Module._load (node:internal/modules/cjs/loader:901:27)
    at Function.executeUserEntryPoint [as runMain] (node:internal/modules/run_main:83:12)
    at node:internal/main/run_main_module:23:47 {
  code: 'MODULE_NOT_FOUND',
  requireStack: []
}

Node.js v20.9.0
node:internal/modules/cjs/loader:1051
  throw err;
  ^

Error: Cannot find module 'C:\DropShip\DS1\src\index.js'
    at Module._resolveFilename (node:internal/modules/cjs/loader:1048:15)
    at Module._load (node:internal/modules/cjs/loader:901:27)
    at Function.executeUserEntryPoint [as runMain] (node:internal/modules/run_main:83:12)
    at node:internal/main/run_main_module:23:47 {
  code: 'MODULE_NOT_FOUND',
  requireStack: []
}

Node.js v20.9.0
^C^C^C^C^C^C^C^C^C^C[Staging API] Get items error: relation "research_staging" does not exist
[Staging API] Get sessions error: relation "research_sessions" does not exist
[Staging API] Get pending count error: relation "research_staging" does not exist
[Staging API] Get pending count error: relation "research_staging" does not exist
[Staging API] Get sessions error: relation "research_sessions" does not exist
[Staging API] Get items error: relation "research_staging" does not exist
[LiveTrend] Google Trends + AI failed: Unexpected token '<', "<!doctype "... is not valid JSON
[Staging API] Get sessions error: relation "research_sessions" does not exist
[Staging API] Get items error: relation "research_staging" does not exist
[Staging API] Get sessions error: relation "research_sessions" does not exist
[Staging API] Get items error: relation "research_staging" does not exist
[Staging API] Get sessions error: relation "research_sessions" does not exist
[Staging API] Get items error: relation "research_staging" does not exist
[Staging API] Get sessions error: relation "research_sessions" does not exist
[Staging API] Get items error: relation "research_staging" does not exist
[Staging API] Get sessions error: relation "research_sessions" does not exist
[Staging API] Get items error: relation "research_staging" does not exist
[Staging API] Get sessions error: relation "research_sessions" does not exist
[Staging API] Get items error: relation "research_staging" does not exist
[Staging API] Get sessions error: relation "research_sessions" does not exist
[Staging API] Get items error: relation "research_staging" does not exist
[LiveTrend] Google Trends + AI failed: Unexpected token '<', "<!doctype "... is not valid JSON
[Staging API] Get sessions error: relation "research_sessions" does not exist
[Staging API] Get items error: relation "research_staging" does not exist
